
/home/runner/work/exp-slope-deflection-method-ii-frames-iitd/exp-slope-deflection-method-ii-frames-iitd/experiment/simulation/main.js
    3:14  warning  'FixedmomentBC' is defined but never used      no-unused-vars
   60:10  warning  'FixedmomentCB' is defined but never used      no-unused-vars
   97:9   warning  'w1' is not defined                            no-undef
  119:10  warning  'Mab' is defined but never used                no-unused-vars
  209:10  warning  'Mbc' is defined but never used                no-unused-vars
  290:10  warning  'MomentAB' is defined but never used           no-unused-vars
  359:10  warning  'MomentCD' is defined but never used           no-unused-vars
  415:10  warning  'reaction1H' is defined but never used         no-unused-vars
  473:10  warning  'reaction2H' is defined but never used         no-unused-vars
  557:10  warning  'reactionV' is defined but never used          no-unused-vars
  625:10  warning  'restart' is defined but never used            no-unused-vars
  632:10  warning  'navNext0' is defined but never used           no-unused-vars
  674:10  warning  'navNext0a' is defined but never used          no-unused-vars
  698:10  warning  'navNext1a' is defined but never used          no-unused-vars
  717:10  warning  'navNext1b' is defined but never used          no-unused-vars
  738:10  warning  'navNext1c' is defined but never used          no-unused-vars
  763:10  warning  'navNext1d' is defined but never used          no-unused-vars
  794:10  warning  'navNext1e' is defined but never used          no-unused-vars
  825:10  warning  'navNext1f' is defined but never used          no-unused-vars
  862:10  warning  'navNext1h' is defined but never used          no-unused-vars
  879:1   warning  '$' is not defined                             no-undef
  880:2   warning  '$' is not defined                             no-undef
  890:10  warning  'add_stand' is defined but never used          no-unused-vars
  926:10  warning  'start_analysis' is defined but never used     no-unused-vars
  930:10  warning  'add_aluminium_bar' is defined but never used  no-unused-vars
  951:10  warning  'start_Analysis' is defined but never used     no-unused-vars

✖ 26 problems (0 errors, 26 warnings)

